<?xml version="1.0" encoding="UTF-8"?>
<!-- Generated by org.testng.reporters.JUnitXMLReporter -->
<testsuite ignored="0" hostname="LeiShen" failures="0" tests="6" name="Test" time="56.663" errors="0" timestamp="2025-02-25T16:02:24 EST">
  <testcase classname="testCases.TC003_LoginDDT" name="verify_LoginDDT" time="5.772"/>
  <testcase classname="testCases.TC003_LoginDDT" name="verify_LoginDDT" time="5.116"/>
  <testcase classname="testCases.TC003_LoginDDT" name="verify_LoginDDT" time="5.889"/>
  <testcase classname="testCases.TC003_LoginDDT" name="verify_LoginDDT" time="14.262"/>
  <testcase classname="testCases.TC003_LoginDDT" name="verify_LoginDDT" time="5.844"/>
  <testcase classname="testCases.TC003_LoginDDT" name="verify_LoginDDT" time="14.454"/>
</testsuite> <!-- Test -->
